<?xml version="1.0" encoding="UTF-8" ?>
<testsuite tests="1" failures="0" name="com.abc.AppTest" time="0.002" errors="0" skipped="0">
  <properties>
    <property name="DISPLAY" value=":0"/>
    <property name="file.encoding.pkg" value="sun.io"/>
    <property name="rvm_version" value="1.29.4 (latest)"/>
    <property name="java.home" value="/usr/local/java/jdk1.8.0_144/jre"/>
    <property name="XDG_GREETER_DATA_DIR" value="/var/lib/lightdm-data/vijaykumar"/>
    <property name="LOGNAME" value="vijaykumar"/>
    <property name="VTE_VERSION" value="5202"/>
    <property name="XFILESEARCHPATH" value="/usr/dt/app-defaults/%L/Dt"/>
    <property name="CINNAMON_VERSION" value="3.8.6"/>
    <property name="rvm_bin_path" value="/home/vijaykumar/.rvm/bin"/>
    <property name="NODE_NAME" value="master"/>
    <property name="PWD" value="/home/vijaykumar/jenkins"/>
    <property name="JENKINS_URL" value="http://localhost:8080/"/>
    <property name="sun.font.fontmanager" value="sun.awt.X11FontManager"/>
    <property name="GDMSESSION" value="cinnamon"/>
    <property name="java.endorsed.dirs" value="/usr/local/java/jdk1.8.0_144/jre/lib/endorsed"/>
    <property name="GEM_PATH" value="/home/vijaykumar/.rvm/gems/ruby-2.5.1:/home/vijaykumar/.rvm/gems/ruby-2.5.1@global"/>
    <property name="XDG_SEAT_PATH" value="/org/freedesktop/DisplayManager/Seat0"/>
    <property name="sun.os.patch.level" value="unknown"/>
    <property name="java.vendor.url" value="http://java.oracle.com/"/>
    <property name="GPG_AGENT_INFO" value="/run/user/1000/gnupg/S.gpg-agent:0:1"/>
    <property name="java.version" value="1.8.0_144"/>
    <property name="JOB_NAME" value="maven_basics"/>
    <property name="ANDROID_HOME" value="/home/vijaykumar/Android/Sdk"/>
    <property name="java.vendor.url.bug" value="http://bugreport.sun.com/bugreport/"/>
    <property name="XDG_DATA_DIRS" value="/usr/share/cinnamon:/usr/share/gnome:/home/vijaykumar/.local/share/flatpak/exports/share:/var/lib/flatpak/exports/share:/usr/local/share:/usr/share"/>
    <property name="user.name" value="vijaykumar"/>
    <property name="rvm_path" value="/home/vijaykumar/.rvm"/>
    <property name="sun.io.unicode.encoding" value="UnicodeLittle"/>
    <property name="XDG_RUNTIME_DIR" value="/run/user/1000"/>
    <property name="sun.jnu.encoding" value="UTF-8"/>
    <property name="java.runtime.name" value="Java(TM) SE Runtime Environment"/>
    <property name="RUBY_VERSION" value="ruby-2.5.1"/>
    <property name="XDG_SESSION_DESKTOP" value="cinnamon"/>
    <property name="java.specification.name" value="Java Platform API Specification"/>
    <property name="RUN_CHANGES_DISPLAY_URL" value="http://localhost:8080/job/maven_basics/5/display/redirect?page=changes"/>
    <property name="user.timezone" value="Asia/Kolkata"/>
    <property name="path.separator" value=":"/>
    <property name="BUILD_TAG" value="jenkins-maven_basics-5"/>
    <property name="TERM" value="xterm-256color"/>
    <property name="_system_type" value="Linux"/>
    <property name="GTK_MODULES" value="gail:atk-bridge"/>
    <property name="MANDATORY_PATH" value="/usr/share/gconf/cinnamon.mandatory.path"/>
    <property name="file.encoding" value="UTF-8"/>
    <property name="PATH" value="/home/vijaykumar/.rvm/gems/ruby-2.5.1/bin:/home/vijaykumar/.rvm/gems/ruby-2.5.1@global/bin:/home/vijaykumar/.rvm/rubies/ruby-2.5.1/bin:/usr/local/sbin:/usr/local/bin:/usr/sbin:/usr/bin:/sbin:/bin:/snap/bin:/usr/local/java/jdk1.8.0_144/bin:/usr/local/java/jdk1.8.0_144/jre/bin:/home/vijaykumar/.rvm/bin:/home/vijaykumar/.rvm/bin:/home/vijaykumar/softwares/vertx/bin:/home/vijaykumar/Android/Sdk/tools:/home/vijaykumar/Android/Sdk/tools/bin:/home/vijaykumar/Android/Sdk/platform-tools"/>
    <property name="QT_ACCESSIBILITY" value="1"/>
    <property name="DESKTOP_SESSION" value="cinnamon"/>
    <property name="rvm_prefix" value="/home/vijaykumar"/>
    <property name="sun.java.command" value="jenkins.maven3.agent.Maven35Main /usr/share/maven /home/vijaykumar/.jenkins/war/WEB-INF/lib/remoting-4.7.jar /home/vijaykumar/.jenkins/plugins/maven-plugin/WEB-INF/lib/maven35-interceptor-1.13.jar /home/vijaykumar/.jenkins/plugins/maven-plugin/WEB-INF/lib/maven3-interceptor-commons-1.13.jar 37775"/>
    <property name="HUDSON_URL" value="http://localhost:8080/"/>
    <property name="XDG_CONFIG_DIRS" value="/etc/xdg/xdg-cinnamon:/etc/xdg"/>
    <property name="JENKINS_SERVER_COOKIE" value="5d6a1c0444d6a49f"/>
    <property name="EXECUTOR_NUMBER" value="1"/>
    <property name="XDG_SESSION_TYPE" value="x11"/>
    <property name="XDG_SESSION_PATH" value="/org/freedesktop/DisplayManager/Session0"/>
    <property name="java.io.tmpdir" value="/tmp"/>
    <property name="user.language" value="en"/>
    <property name="line.separator" value="
"/>
    <property name="COLORTERM" value="truecolor"/>
    <property name="BUILD_URL" value="http://localhost:8080/job/maven_basics/5/"/>
    <property name="SSH_AGENT_PID" value="1855"/>
    <property name="SHLVL" value="1"/>
    <property name="M2_HOME" value="/usr/share/maven"/>
    <property name="_system_version" value="19"/>
    <property name="USER" value="vijaykumar"/>
    <property name="java.vm.info" value="mixed mode"/>
    <property name="sun.desktop" value="gnome"/>
    <property name="java.vm.specification.name" value="Java Virtual Machine Specification"/>
    <property name="CI" value="true"/>
    <property name="BUILD_DISPLAY_NAME" value="#5"/>
    <property name="_system_name" value="Mint"/>
    <property name="guice.disable.misplaced.annotation.check" value="true"/>
    <property name="GJS_DEBUG_OUTPUT" value="stderr"/>
    <property name="HUDSON_SERVER_COOKIE" value="5d6a1c0444d6a49f"/>
    <property name="JRE_HOME" value="/usr/local/java/jdk1.8.0_144/jre"/>
    <property name="WORKSPACE_TMP" value="/home/vijaykumar/.jenkins/workspace/maven_basics@tmp"/>
    <property name="MAVEN_HOME" value="/usr/share/maven"/>
    <property name="GNOME_TERMINAL_SERVICE" value=":1.56"/>
    <property name="java.awt.printerjob" value="sun.print.PSPrinterJob"/>
    <property name="SESSION_MANAGER" value="local/vijaykumar-Inspiron-3521:@/tmp/.ICE-unix/1791,unix/vijaykumar-Inspiron-3521:/tmp/.ICE-unix/1791"/>
    <property name="DEFAULTS_PATH" value="/usr/share/gconf/cinnamon.default.path"/>
    <property name="maven3.interceptor.common" value="/home/vijaykumar/.jenkins/plugins/maven-plugin/WEB-INF/lib/maven3-interceptor-commons-1.13.jar"/>
    <property name="CLASSPATH" value=""/>
    <property name="GNOME_DESKTOP_SESSION_ID" value="this-is-deprecated"/>
    <property name="XAUTHORITY" value="/home/vijaykumar/.Xauthority"/>
    <property name="LESSCLOSE" value="/usr/bin/lesspipe %s %s"/>
    <property name="XDG_CURRENT_DESKTOP" value="X-Cinnamon"/>
    <property name="os.name" value="Linux"/>
    <property name="java.specification.vendor" value="Oracle Corporation"/>
    <property name="java.vm.name" value="Java HotSpot(TM) 64-Bit Server VM"/>
    <property name="BUILD_NUMBER" value="5"/>
    <property name="maven3.interceptor" value="/home/vijaykumar/.jenkins/plugins/maven-plugin/WEB-INF/lib/maven35-interceptor-1.13.jar"/>
    <property name="java.library.path" value="/usr/java/packages/lib/amd64:/usr/lib64:/lib64:/lib:/usr/lib"/>
    <property name="GJS_DEBUG_TOPICS" value="JS ERROR;JS LOG"/>
    <property name="POM_GROUPID" value="com.abc"/>
    <property name="POM_ARTIFACTID" value="DemoProject"/>
    <property name="java.class.version" value="52.0"/>
    <property name="DBUS_SESSION_BUS_ADDRESS" value="unix:path=/run/user/1000/bus"/>
    <property name="JOB_URL" value="http://localhost:8080/job/maven_basics/"/>
    <property name="RUN_DISPLAY_URL" value="http://localhost:8080/job/maven_basics/5/display/redirect"/>
    <property name="JENKINS_HOME" value="/home/vijaykumar/.jenkins"/>
    <property name="BUILD_ID" value="5"/>
    <property name="sun.boot.library.path" value="/usr/local/java/jdk1.8.0_144/jre/lib/amd64"/>
    <property name="sun.management.compiler" value="HotSpot 64-Bit Tiered Compilers"/>
    <property name="java.awt.graphicsenv" value="sun.awt.X11GraphicsEnvironment"/>
    <property name="POM_VERSION" value="1.0-SNAPSHOT"/>
    <property name="HUDSON_HOME" value="/home/vijaykumar/.jenkins"/>
    <property name="PATH+MAVEN" value="/usr/share/maven/bin"/>
    <property name="NLSPATH" value="/usr/dt/lib/nls/msg/%L/%N.cat"/>
    <property name="OLDPWD" value="/home/vijaykumar"/>
    <property name="RUN_ARTIFACTS_DISPLAY_URL" value="http://localhost:8080/job/maven_basics/5/display/redirect?page=artifacts"/>
    <property name="QT_QPA_PLATFORMTHEME" value="qt5ct"/>
    <property name="java.vm.specification.version" value="1.8"/>
    <property name="JAVA_HOME" value="/usr/local/java/jdk1.8.0_144"/>
    <property name="SHELL" value="/bin/bash"/>
    <property name="awt.toolkit" value="sun.awt.X11.XToolkit"/>
    <property name="NODE_LABELS" value="master"/>
    <property name="sun.cpu.isalist" value=""/>
    <property name="_system_arch" value="x86_64"/>
    <property name="JOB_DISPLAY_URL" value="http://localhost:8080/job/maven_basics/display/redirect"/>
    <property name="securerandom.source" value="file:/dev/./urandom"/>
    <property name="java.ext.dirs" value="/usr/local/java/jdk1.8.0_144/jre/lib/ext:/usr/java/packages/lib/ext"/>
    <property name="os.version" value="4.15.0-20-generic"/>
    <property name="user.home" value="/home/vijaykumar"/>
    <property name="_" value="/usr/bin/java"/>
    <property name="java.vm.vendor" value="Oracle Corporation"/>
    <property name="IRBRC" value="/home/vijaykumar/.rvm/rubies/ruby-2.5.1/.irbrc"/>
    <property name="user.dir" value="/home/vijaykumar/jenkins/Projects/DemoProject"/>
    <property name="maven.conf" value="/etc/maven"/>
    <property name="GDM_LANG" value="en_US"/>
    <property name="XDG_VTNR" value="7"/>
    <property name="sun.cpu.endian" value="little"/>
    <property name="GEM_HOME" value="/home/vijaykumar/.rvm/gems/ruby-2.5.1"/>
    <property name="VERTX_CONFIG_PATH" value="config.json"/>
    <property name="MY_RUBY_HOME" value="/home/vijaykumar/.rvm/rubies/ruby-2.5.1"/>
    <property name="java.vm.version" value="25.144-b01"/>
    <property name="java.class.path" value="/home/vijaykumar/.jenkins/plugins/maven-plugin/WEB-INF/lib/maven35-agent-1.13.jar:/usr/share/maven/boot/plexus-classworlds-2.x.jar:/usr/share/maven/conf/logging"/>
    <property name="org.slf4j.simpleLogger.defaultLogLevel" value="info"/>
    <property name="XDG_SEAT" value="seat0"/>
    <property name="os.arch" value="amd64"/>
    <property name="WORKSPACE" value="/home/vijaykumar/.jenkins/workspace/maven_basics"/>
    <property name="RUN_TESTS_DISPLAY_URL" value="http://localhost:8080/job/maven_basics/5/display/redirect?page=tests"/>
    <property name="sun.java.launcher" value="SUN_STANDARD"/>
    <property name="LANG" value="en_US.UTF-8"/>
    <property name="java.vm.specification.vendor" value="Oracle Corporation"/>
    <property name="LESSOPEN" value="| /usr/bin/lesspipe %s"/>
    <property name="file.separator" value="/"/>
    <property name="LANGUAGE" value="en_US"/>
    <property name="java.runtime.version" value="1.8.0_144-b01"/>
    <property name="GTK_OVERLAY_SCROLLING" value="1"/>
    <property name="sun.boot.class.path" value="/usr/local/java/jdk1.8.0_144/jre/lib/resources.jar:/usr/local/java/jdk1.8.0_144/jre/lib/rt.jar:/usr/local/java/jdk1.8.0_144/jre/lib/sunrsasign.jar:/usr/local/java/jdk1.8.0_144/jre/lib/jsse.jar:/usr/local/java/jdk1.8.0_144/jre/lib/jce.jar:/usr/local/java/jdk1.8.0_144/jre/lib/charsets.jar:/usr/local/java/jdk1.8.0_144/jre/lib/jfr.jar:/usr/local/java/jdk1.8.0_144/jre/classes"/>
    <property name="XDG_SESSION_ID" value="c2"/>
    <property name="user.country" value="US"/>
    <property name="POM_PACKAGING" value="jar"/>
    <property name="maven.home" value="/usr/share/maven"/>
    <property name="JOB_BASE_NAME" value="maven_basics"/>
    <property name="GNOME_TERMINAL_SCREEN" value="/org/gnome/Terminal/screen/3bfe5535_9942_4ee9_a07e_db6ad33b4956"/>
    <property name="HOME" value="/home/vijaykumar"/>
    <property name="java.vendor" value="Oracle Corporation"/>
    <property name="SSH_AUTH_SOCK" value="/run/user/1000/keyring/ssh"/>
    <property name="LS_COLORS" value="rs=0:di=01;34:ln=01;36:mh=00:pi=40;33:so=01;35:do=01;35:bd=40;33;01:cd=40;33;01:or=40;31;01:mi=00:su=37;41:sg=30;43:ca=30;41:tw=30;42:ow=34;42:st=37;44:ex=01;32:*.tar=01;31:*.tgz=01;31:*.arc=01;31:*.arj=01;31:*.taz=01;31:*.lha=01;31:*.lz4=01;31:*.lzh=01;31:*.lzma=01;31:*.tlz=01;31:*.txz=01;31:*.tzo=01;31:*.t7z=01;31:*.zip=01;31:*.z=01;31:*.Z=01;31:*.dz=01;31:*.gz=01;31:*.lrz=01;31:*.lz=01;31:*.lzo=01;31:*.xz=01;31:*.zst=01;31:*.tzst=01;31:*.bz2=01;31:*.bz=01;31:*.tbz=01;31:*.tbz2=01;31:*.tz=01;31:*.deb=01;31:*.rpm=01;31:*.jar=01;31:*.war=01;31:*.ear=01;31:*.sar=01;31:*.rar=01;31:*.alz=01;31:*.ace=01;31:*.zoo=01;31:*.cpio=01;31:*.7z=01;31:*.rz=01;31:*.cab=01;31:*.wim=01;31:*.swm=01;31:*.dwm=01;31:*.esd=01;31:*.jpg=01;35:*.jpeg=01;35:*.mjpg=01;35:*.mjpeg=01;35:*.gif=01;35:*.bmp=01;35:*.pbm=01;35:*.pgm=01;35:*.ppm=01;35:*.tga=01;35:*.xbm=01;35:*.xpm=01;35:*.tif=01;35:*.tiff=01;35:*.png=01;35:*.svg=01;35:*.svgz=01;35:*.mng=01;35:*.pcx=01;35:*.mov=01;35:*.mpg=01;35:*.mpeg=01;35:*.m2v=01;35:*.mkv=01;35:*.webm=01;35:*.ogm=01;35:*.mp4=01;35:*.m4v=01;35:*.mp4v=01;35:*.vob=01;35:*.qt=01;35:*.nuv=01;35:*.wmv=01;35:*.asf=01;35:*.rm=01;35:*.rmvb=01;35:*.flc=01;35:*.avi=01;35:*.fli=01;35:*.flv=01;35:*.gl=01;35:*.dl=01;35:*.xcf=01;35:*.xwd=01;35:*.yuv=01;35:*.cgm=01;35:*.emf=01;35:*.ogv=01;35:*.ogx=01;35:*.aac=00;36:*.au=00;36:*.flac=00;36:*.m4a=00;36:*.mid=00;36:*.midi=00;36:*.mka=00;36:*.mp3=00;36:*.mpc=00;36:*.ogg=00;36:*.ra=00;36:*.wav=00;36:*.oga=00;36:*.opus=00;36:*.spx=00;36:*.xspf=00;36:"/>
    <property name="POM_DISPLAYNAME" value="DemoProject"/>
    <property name="java.specification.version" value="1.8"/>
    <property name="sun.arch.data.model" value="64"/>
  </properties>
  <testcase classname="com.abc.AppTest" name="testApp" time="0.002"/>
</testsuite>